Command: report datapath > reports/map/cpu_32bit_top_datapath.rpt
Warning: '-sort' is not specified. By default, 'report datapath' orders the components based on instance name
============================================================
  Generated by:           Genus(TM) Synthesis Solution 22.12-s082_1
  Generated on:           Apr 07 2026  04:10:28 pm
  Module:                 cpu_32bit_top
  Library domain:         slow
    Domain index:         0
    Technology libraries: gpdk045bc 
                          GPDK_IO.lib 1.1
                          physical_cells 
  Library domain:         fast
    Domain index:         1
    Technology libraries: gpdk045wc 
                          GPDK_IO.lib 1.1
                          physical_cells 
  Operating conditions:   slow 
  Operating conditions:   fast 
  Interconnect mode:      global
  Area mode:              physical library
============================================================


Inferred components

           Operator Signedness     Architecture     Inputs Outputs CellArea LogicLevels 
========================================================================================
cpu_32bit_top
 U_CORE
  DP
   ALU
    add_74_37
    module:add_unsigned
               +    unsigned   medium               32x32  33        412.35          16 
========================================================================================
cpu_32bit_top
 U_CORE
  DP
   ALU
    div_128_37
    module:divide_unsigned_rtlopto_model_9
               /    unsigned   very_fast            32x32  32      27920.29         238 
========================================================================================
cpu_32bit_top
 U_CORE
  DP
   ALU
    mul_116_37
    module:mult_unsigned
               *    unsigned   medium/booth/booth_e 32x32  33       3855.62          42 
                               ncoded_port: B                                           
========================================================================================
cpu_32bit_top
 U_CORE
  DP
   ALU
    sll_94_28
    module:shift_left_vlog_unsigned
              <<    x          very_fast/barrel     32x5   32        625.25          12 
========================================================================================
cpu_32bit_top
 U_CORE
  DP
   ALU
    srl_104_28
    module:shift_right_vlog_unsigned
              >>    x          very_fast/barrel     32x5   32        476.74          17 
========================================================================================
cpu_32bit_top
 U_CORE
  DP
   ALU
    sub_84_37
    module:sub_unsigned
               -    unsigned   medium               32x32  33        353.67          29 
========================================================================================

      Type        CellArea  Percentage 
---------------------------------------
datapath modules   33643.93       3.07 
external muxes         0.00       0.00 
others           1063423.25      96.93 
---------------------------------------
total            1097067.18     100.00 

