

Working Directory = /home/NAMDH66/practice/final-project3
QoS Summary for cpu_32bit_top
==========================================================================================
Metric                          generic         map             syn_opt         final          
==========================================================================================
Slack (ps):                    -7,066          -4,280          -3,388          -3,388
  R2R (ps):                    -7,066          -4,280          -3,388          -3,388
  I2R (ps):                       383             260              -6              -6
  R2O (ps):                       -26              -4               1               1
  I2O (ps):                  no_value        no_value        no_value        no_value
  CG  (ps):                       449              90               7               7
TNS (ps):                     -64,448         -67,897         -45,349         -45,349
  R2R (ps):                   -64,397         -67,893         -45,349         -45,349
  I2R (ps):                         0               0              -6              -6
  R2O (ps):                       -51              -4               0               0
  I2O (ps):                  no_value        no_value        no_value        no_value
  CG  (ps):                         0               0               0               0
Failing Paths:                     35              67              66              66
Cell Area:                  1,030,874       1,097,067       1,098,213       1,098,213
Total Cell Area:            1,030,874       1,097,067       1,098,213       1,098,213
Leaf Instances:                26,565          20,166          19,905          19,905
Total Instances:               26,565          20,166          19,905          19,905
Utilization (%):                 0.00            0.00            0.00            0.00
Tot. Net Length (um):        no_value        no_value        no_value        no_value
Avg. Net Length (um):        no_value        no_value        no_value        no_value
Route Overflow H (%):        no_value        no_value        no_value        no_value
Route Overflow V (%):        no_value        no_value        no_value        no_value
MBCI(%) (bits/gate) :            0.00            0.00            0.00            0.00
Norm Cong Hotspot Area:
  Max Cong:                  no_value        no_value        no_value        no_value
  Tot Cong:                  no_value        no_value        no_value        no_value
==========================================================================================
CPU  Runtime (h:m:s):        00:04:11        00:09:47        00:20:37        00:00:01
Real Runtime (h:m:s):        00:04:32        00:09:58        00:21:53        00:00:06
CPU  Elapsed (h:m:s):        00:04:18        00:14:04        00:34:42        00:34:43
Real Elapsed (h:m:s):        00:04:37        00:14:35        00:36:27        00:36:34
Memory (MB):                  1642.44         1676.54         1722.36         1722.36
==========================================================================================
==========================================================================================
Flow Settings:
==========================================================================================
Total Runtime (h:m:s): 00:36:37
Total Memory (MB):     1722.36
Executable Version:    22.12-s082_1
==========================================================================================
Total Cell Area =  Cell Area + Physical Cell Area
Total Instances =  Leaf Instances + Physical Instances


