============================================================
  Generated by:           Genus(TM) Synthesis Solution 22.12-s082_1
  Generated on:           Apr 07 2026  04:32:27 pm
  Module:                 cpu_32bit_top
  Library domain:         slow
    Domain index:         0
    Technology libraries: gpdk045bc 
                          GPDK_IO.lib 1.1
                          physical_cells 
  Library domain:         fast
    Domain index:         1
    Technology libraries: gpdk045wc 
                          GPDK_IO.lib 1.1
                          physical_cells 
  Operating conditions:   slow 
  Operating conditions:   fast 
  Interconnect mode:      global
  Area mode:              physical library
============================================================

                                       Leakage                      Library 
    Gate     Instances     Area       Power (nW)       Library       Domain 
----------------------------------------------------------------------------
ACHCONX2             1       12.654         1.678    gpdk045wc         fast 
ADDFHX1              1        7.524         0.917    gpdk045wc         fast 
ADDFHX2              1        8.208         1.099    gpdk045wc         fast 
ADDFHXL              1        7.524         0.885    gpdk045wc         fast 
ADDFX1             242     1655.280       178.477    gpdk045wc         fast 
ADDFX2               1        7.866         0.935    gpdk045wc         fast 
ADDHX1               4       20.520         2.266    gpdk045wc         fast 
ADDHX2               7       35.910         5.092    gpdk045wc         fast 
ADDHXL              26      124.488        13.240    gpdk045wc         fast 
AND2X1             122      208.620        25.027    gpdk045wc         fast 
AND2X2               8       16.416         2.370    gpdk045wc         fast 
AND2X4              25       76.950        13.333    gpdk045wc         fast 
AND2X6              45      169.290        39.076    gpdk045wc         fast 
AND2X8               1        4.446         1.048    gpdk045wc         fast 
AND3X4               1        3.078         0.594    gpdk045wc         fast 
AND3X6               3       13.338         3.055    gpdk045wc         fast 
AND3X8               4       20.520         4.851    gpdk045wc         fast 
AND3XL               4        8.208         0.877    gpdk045wc         fast 
AND4X1               1        2.736         0.303    gpdk045wc         fast 
AND4X4               1        3.762         0.664    gpdk045wc         fast 
AND4XL               1        2.394         0.278    gpdk045wc         fast 
AO21X1              39       93.366        10.991    gpdk045wc         fast 
AO21X2               4       10.944         1.492    gpdk045wc         fast 
AO21X4               2        6.840         1.280    gpdk045wc         fast 
AO22X1              31       95.418         9.883    gpdk045wc         fast 
AO22X2               7       21.546         2.869    gpdk045wc         fast 
AO22X4               2        7.524         1.444    gpdk045wc         fast 
AO22XL              99      270.864        28.375    gpdk045wc         fast 
AOI211X1             6       14.364         2.308    gpdk045wc         fast 
AOI211X2             1        3.420         0.768    gpdk045wc         fast 
AOI211X4             1        6.498         1.537    gpdk045wc         fast 
AOI211XL            16       32.832         4.300    gpdk045wc         fast 
AOI21X1             55      112.860        15.249    gpdk045wc         fast 
AOI21X2            116      317.376        64.284    gpdk045wc         fast 
AOI21X4            444     2277.720       492.285    gpdk045wc         fast 
AOI21XL             38       64.980         7.306    gpdk045wc         fast 
AOI221X1            14       43.092         5.991    gpdk045wc         fast 
AOI221X2            14       62.244        12.052    gpdk045wc         fast 
AOI221X4             2       15.732         3.444    gpdk045wc         fast 
AOI222X1            10       30.780         4.759    gpdk045wc         fast 
AOI222X2             1        5.472         0.952    gpdk045wc         fast 
AOI22X1           2013     4819.122       651.044    gpdk045wc         fast 
AOI22X2             39      146.718        25.229    gpdk045wc         fast 
AOI22X4             60      369.360        77.628    gpdk045wc         fast 
AOI22XL             60      143.640        12.174    gpdk045wc         fast 
AOI2BB1X1           31       63.612         9.713    gpdk045wc         fast 
AOI2BB1X2           19       58.482         8.989    gpdk045wc         fast 
AOI2BB1X4           33      135.432        28.144    gpdk045wc         fast 
AOI2BB1XL            3        6.156         0.749    gpdk045wc         fast 
AOI2BB2X1            4       13.680         1.797    gpdk045wc         fast 
AOI2BB2X2            7       35.910         5.340    gpdk045wc         fast 
AOI2BB2X4           22      165.528        32.075    gpdk045wc         fast 
AOI31X1              2        4.104         0.654    gpdk045wc         fast 
AOI31X2              7       23.940         4.579    gpdk045wc         fast 
AOI31X4              7       45.486         9.128    gpdk045wc         fast 
AOI32X1              3        9.234         1.167    gpdk045wc         fast 
AOI32X2              1        4.446         0.778    gpdk045wc         fast 
AOI32XL              3        8.208         0.711    gpdk045wc         fast 
BMXIX2               4       30.096         3.370    gpdk045wc         fast 
BUFX12              12       61.560        17.330    gpdk045wc         fast 
BUFX16               8       54.720        15.616    gpdk045wc         fast 
BUFX2              389      665.190       100.684    gpdk045wc         fast 
BUFX20               5       41.040        12.167    gpdk045wc         fast 
BUFX3              360      738.720       136.775    gpdk045wc         fast 
BUFX4               18       43.092         8.477    gpdk045wc         fast 
BUFX6              205      630.990       152.487    gpdk045wc         fast 
BUFX8               16       60.192        14.774    gpdk045wc         fast 
DFFHQX1             32      196.992        26.089    gpdk045wc         fast 
DFFQX1               4       23.256         2.794    gpdk045wc         fast 
DFFQXL            4100    22435.200      2738.948    gpdk045wc         fast 
DFFRHQX2            31      243.846        32.447    gpdk045wc         fast 
DFFRHQX4            32      306.432        45.228    gpdk045wc         fast 
DFFRHQX8            29      327.294        58.918    gpdk045wc         fast 
DFFRX2               1        8.550         1.191    gpdk045wc         fast 
DFFX2               29      238.032        31.377    gpdk045wc         fast 
DFFX4                3       27.702         4.775    gpdk045wc         fast 
DLY1X4               1        3.762         0.642    gpdk045wc         fast 
INVX1              846      585.897        77.018    gpdk045wc         fast 
INVX12              64      246.240        74.740    gpdk045wc         fast 
INVX16              54      283.484        85.544    gpdk045wc         fast 
INVX2              436      454.792        79.393    gpdk045wc         fast 
INVX20              11       69.315        21.698    gpdk045wc         fast 
INVX3              216      301.028        58.998    gpdk045wc         fast 
INVX4              213      371.515        77.569    gpdk045wc         fast 
INVX6              119      249.275        63.101    gpdk045wc         fast 
INVX8              198      553.578       140.556    gpdk045wc         fast 
INVXL               44       31.977         2.585    gpdk045wc         fast 
MX2X1               12       36.936         4.271    gpdk045wc         fast 
MX2X2                6       18.468         2.682    gpdk045wc         fast 
MX2X4                1        4.104         0.672    gpdk045wc         fast 
MX2XL               22       60.192         7.118    gpdk045wc         fast 
MXI2X1              48      131.328        16.723    gpdk045wc         fast 
MXI2X2               2        8.892         1.075    gpdk045wc         fast 
MXI2XL              75      179.550        19.957    gpdk045wc         fast 
NAND2BX1           312      434.819        80.597    gpdk045wc         fast 
NAND2BX2            97      208.996        42.677    gpdk045wc         fast 
NAND2BX4            68      237.793        56.651    gpdk045wc         fast 
NAND2BXL             6        8.926         1.163    gpdk045wc         fast 
NAND2X1            341      355.697        61.928    gpdk045wc         fast 
NAND2X2            298      519.772       108.263    gpdk045wc         fast 
NAND2X4            507     1733.940       368.315    gpdk045wc         fast 
NAND2X6            296     1417.248       317.534    gpdk045wc         fast 
NAND2X8            223     1220.256       315.525    gpdk045wc         fast 
NAND2XL             10       13.680         1.171    gpdk045wc         fast 
NAND3BX1             1        2.052         0.348    gpdk045wc         fast 
NAND3BX2             7       21.546         4.337    gpdk045wc         fast 
NAND3BX4             2       10.260         2.384    gpdk045wc         fast 
NAND3BXL            26       46.238         6.551    gpdk045wc         fast 
NAND3X1             15       25.650         4.070    gpdk045wc         fast 
NAND3X2             11       30.096         5.972    gpdk045wc         fast 
NAND3X4             13       62.244        14.109    gpdk045wc         fast 
NAND3X6              7       50.274        11.207    gpdk045wc         fast 
NAND3X8             15      123.120        31.660    gpdk045wc         fast 
NAND3XL              1        1.710         0.175    gpdk045wc         fast 
NAND4BBXL            1        3.078         0.386    gpdk045wc         fast 
NAND4X1            487      999.324       175.423    gpdk045wc         fast 
NAND4X2             33      124.146        23.754    gpdk045wc         fast 
NOR2BX1            226      386.460        50.510    gpdk045wc         fast 
NOR2BX2             68      186.048        25.738    gpdk045wc         fast 
NOR2BX4             55      206.910        38.400    gpdk045wc         fast 
NOR2BXL             23       39.330         3.809    gpdk045wc         fast 
NOR2X1             131      179.208        20.939    gpdk045wc         fast 
NOR2X2             354      726.408       113.169    gpdk045wc         fast 
NOR2X4             824     2818.080       526.829    gpdk045wc         fast 
NOR2X6             492     2187.432       467.869    gpdk045wc         fast 
NOR2X8             261     1428.192       328.797    gpdk045wc         fast 
NOR2XL             345      353.970        33.172    gpdk045wc         fast 
NOR3BX1             68      139.536        19.538    gpdk045wc         fast 
NOR3BX2              9       30.780         4.643    gpdk045wc         fast 
NOR3BX4              9       52.326         9.047    gpdk045wc         fast 
NOR3X1               6       10.260         1.371    gpdk045wc         fast 
NOR3X2              19       51.984         8.684    gpdk045wc         fast 
NOR3X4              28      143.640        25.593    gpdk045wc         fast 
NOR3X6              26      186.732        35.440    gpdk045wc         fast 
NOR3X8              21      186.732        37.974    gpdk045wc         fast 
NOR4BBX1             3        9.234         1.269    gpdk045wc         fast 
NOR4BBX4             1        7.866         1.370    gpdk045wc         fast 
NOR4X1              37       88.578        10.996    gpdk045wc         fast 
NOR4X2              66      225.720        39.229    gpdk045wc         fast 
NOR4X8               2       21.204         4.714    gpdk045wc         fast 
NOR4XL               6       12.312         1.025    gpdk045wc         fast 
OA21X1              33       79.002         8.000    gpdk045wc         fast 
OA21X4               2        7.524         1.204    gpdk045wc         fast 
OA22X1               4       12.312         1.277    gpdk045wc         fast 
OA22X4               1        4.104         0.722    gpdk045wc         fast 
OAI211X1            17       34.884         5.779    gpdk045wc         fast 
OAI211X2             5       20.520         3.400    gpdk045wc         fast 
OAI211X4             5       32.490         6.795    gpdk045wc         fast 
OAI21X1             75      153.900        18.772    gpdk045wc         fast 
OAI21X2            147      452.466        73.582    gpdk045wc         fast 
OAI21X4            565     2705.220       565.537    gpdk045wc         fast 
OAI21XL             75      128.250        11.588    gpdk045wc         fast 
OAI221X1             9       24.624         3.677    gpdk045wc         fast 
OAI221X2             2        9.576         1.635    gpdk045wc         fast 
OAI222X1             1        3.078         0.477    gpdk045wc         fast 
OAI22X1             19       45.486         6.578    gpdk045wc         fast 
OAI22X2             21       71.820        14.549    gpdk045wc         fast 
OAI22X4             41      266.418        56.804    gpdk045wc         fast 
OAI22XL            266      545.832        61.032    gpdk045wc         fast 
OAI2BB1X1           47       96.444        13.888    gpdk045wc         fast 
OAI2BB1X2           18       55.404         8.587    gpdk045wc         fast 
OAI2BB1X4           42      186.732        37.579    gpdk045wc         fast 
OAI2BB1XL            1        2.052         0.232    gpdk045wc         fast 
OAI2BB2X1            1        4.104         0.492    gpdk045wc         fast 
OAI2BB2X2            2       10.944         1.663    gpdk045wc         fast 
OAI2BB2X4            5       42.750         7.908    gpdk045wc         fast 
OAI31X1              6       12.312         1.914    gpdk045wc         fast 
OAI31X2             10       37.620         6.378    gpdk045wc         fast 
OAI31X4              8       54.720        10.204    gpdk045wc         fast 
OAI32X1              5       13.680         2.074    gpdk045wc         fast 
OAI32X2              5       22.230         4.149    gpdk045wc         fast 
OAI32X4              4       32.832         6.638    gpdk045wc         fast 
OR2X1              127      217.170        31.055    gpdk045wc         fast 
OR2X2               23       47.196         7.718    gpdk045wc         fast 
OR2X4               17       52.326         9.996    gpdk045wc         fast 
OR2X6               37      151.848        35.423    gpdk045wc         fast 
OR2X8                6       28.728         6.821    gpdk045wc         fast 
OR2XL               14       23.940         2.971    gpdk045wc         fast 
OR3X1                4        8.208         1.285    gpdk045wc         fast 
OR3X2                1        2.394         0.412    gpdk045wc         fast 
OR3X4                3        9.234         2.053    gpdk045wc         fast 
OR3X6                4       19.152         4.684    gpdk045wc         fast 
OR3X8                1        5.472         1.350    gpdk045wc         fast 
OR4X1                9       21.546         3.582    gpdk045wc         fast 
OR4X4                2        7.524         1.583    gpdk045wc         fast 
PADCORNER            4   250000.000         0.000    physical_cells    fast 
PADI                35   350000.000  17646792.188    GPDK_IO.lib       fast 
PADO                35   350000.000  17646792.188    GPDK_IO.lib       fast 
PADVDD1              4    40000.000         0.000    physical_cells    fast 
PADVSS1              4    40000.000         0.000    physical_cells    fast 
SDFFRHQX1            2       19.152         2.428    gpdk045wc         fast 
TLATNTSCAX2        134      870.732       104.487    gpdk045wc         fast 
XNOR2X1            337     1037.286       134.468    gpdk045wc         fast 
XNOR2X2             20       82.080         9.801    gpdk045wc         fast 
XNOR2X4             17       69.768        12.534    gpdk045wc         fast 
XNOR3X1             17      127.908        13.611    gpdk045wc         fast 
XNOR3XL              4       30.096         3.118    gpdk045wc         fast 
XOR2X1             350     1077.300       133.375    gpdk045wc         fast 
XOR2X2              25       85.500        11.803    gpdk045wc         fast 
XOR2X4               6       24.624         4.316    gpdk045wc         fast 
XOR3X1               1        7.524         0.816    gpdk045wc         fast 
XOR3XL               1        7.524         0.773    gpdk045wc         fast 
----------------------------------------------------------------------------
total            19905  1098213.268  35304487.603                   


                                                   Leakage   Leakage 
    Library    Instances Instances %    Area     Power (nW)  Power % 
---------------------------------------------------------------------
GPDK_IO.lib           70         0.4 700000.000 35293584.375   100.0 
gpdk045wc          19823        99.6  68213.268    10903.228     0.0 
physical_cells        12         0.1 330000.000        0.000     0.0 

                                                             Leakage   Leakage 
            Type             Instances     Area    Area %  Power (nW)  Power % 
-------------------------------------------------------------------------------
timing_model                        70  700000.000   63.7 35293584.375   100.0 
sequential                        4263   23826.456    2.2     2944.196     0.0 
inverter                          2201    3147.101    0.3      681.202     0.0 
buffer                            1014    2299.266    0.2      458.951     0.0 
clock_gating_integrated_cell       134     870.732    0.1      104.487     0.0 
logic                            12223  368069.713   33.5     6714.392     0.0 
physical_cells                       0       0.000    0.0        0.000     0.0 
-------------------------------------------------------------------------------
total                            19905 1098213.268  100.0 35304487.603   100.0 

