============================================================
  Generated by:           Genus(TM) Synthesis Solution 22.12-s082_1
  Generated on:           Apr 07 2026  04:32:22 pm
  Module:                 cpu_32bit_top
  Library domain:         slow
    Domain index:         0
    Technology libraries: gpdk045bc 
                          GPDK_IO.lib 1.1
                          physical_cells 
  Library domain:         fast
    Domain index:         1
    Technology libraries: gpdk045wc 
                          GPDK_IO.lib 1.1
                          physical_cells 
  Operating conditions:   slow 
  Operating conditions:   fast 
  Interconnect mode:      global
  Area mode:              physical library
============================================================

Timing
--------

Clock Period 
-------------
clk   1700.0 


        Cost          Critical              Violating 
       Group         Path Slack     TNS       Paths   
------------------------------------------------------
cg_enable_group_clk         6.6        0.0          0 
clk                     -3388.1   -45349.3         66 
default                No paths        0.0            
------------------------------------------------------
Total                             -45349.3         66 

Instance Count
--------------
Leaf Instance Count             19905 
Physical Instance count             0 
Sequential Instance Count        4397 
Combinational Instance Count    15508 
Hierarchical Instance Count       154 

Area
----
Cell Area                          1098213.268
Physical Cell Area                 0.000
Total Cell Area (Cell+Physical)    1098213.268
Net Area                           22673.726
Total Area (Cell+Physical+Net)     1120886.994

Runtime                            648.0 seconds
Elapsed Runtime                    2204 seconds
Genus peak memory usage            1722.36 
Innovus peak memory usage          no_value 
Hostname                           training-namdh66.novalocal
