============================================================
  Generated by:           Genus(TM) Synthesis Solution 22.12-s082_1
  Generated on:           Apr 07 2026  04:00:25 pm
  Module:                 cpu_32bit_top
  Library domain:         slow
    Domain index:         0
    Technology libraries: gpdk045bc 
                          GPDK_IO.lib 1.1
                          physical_cells 
  Library domain:         fast
    Domain index:         1
    Technology libraries: gpdk045wc 
                          GPDK_IO.lib 1.1
                          physical_cells 
  Operating conditions:   slow 
  Operating conditions:   fast 
  Interconnect mode:      global
  Area mode:              physical library
============================================================

Timing
--------

Clock Period 
-------------
clk   1700.0 


        Cost          Critical              Violating 
       Group         Path Slack     TNS       Paths   
------------------------------------------------------
cg_enable_group_clk       448.8        0.0          0 
clk                     -7066.4   -64448.0         35 
default                No paths        0.0            
------------------------------------------------------
Total                             -64448.0         35 

Instance Count
--------------
Leaf Instance Count             26565 
Physical Instance count             0 
Sequential Instance Count        4397 
Combinational Instance Count    22168 
Hierarchical Instance Count       156 

Area
----
Cell Area                          1130261.813
Physical Cell Area                 0.000
Total Cell Area (Cell+Physical)    1130261.813
Net Area                           125.629
Total Area (Cell+Physical+Net)     1130387.442

Runtime                            180.0 seconds
Elapsed Runtime                    286 seconds
Genus peak memory usage            1642.44 
Innovus peak memory usage          no_value 
Hostname                           training-namdh66.novalocal
