============================================================
  Generated by:           Genus(TM) Synthesis Solution 22.12-s082_1
  Generated on:           Apr 07 2026  04:10:22 pm
  Module:                 cpu_32bit_top
  Library domain:         slow
    Domain index:         0
    Technology libraries: gpdk045bc 
                          GPDK_IO.lib 1.1
                          physical_cells 
  Library domain:         fast
    Domain index:         1
    Technology libraries: gpdk045wc 
                          GPDK_IO.lib 1.1
                          physical_cells 
  Operating conditions:   slow 
  Operating conditions:   fast 
  Interconnect mode:      global
  Area mode:              physical library
============================================================

       Instance                     Module              Cell Count   Cell Area  Net Area   Total Area 
------------------------------------------------------------------------------------------------------
cpu_32bit_top                                                20166 1097067.183 22744.485  1119811.668 
  U_CORE               cpu_32bit                             20083   67063.421 22414.923    89478.344 
    DP                 cpu_32bit__dp                         12441   35914.754 13670.623    49585.377 
      ACC_reg          reg_w_enable_WIDTH32_224                 35     314.649     0.741      315.390 
      ALU              cpu_32bit__alu                        12220   34742.668 13437.573    48180.241 
        add_74_37      add_unsigned                            231     412.349   211.041      623.391 
        div_128_37     divide_unsigned_rtlopto_model_9        9516   27920.290 10185.401    38105.691 
        mul_116_37     mult_unsigned                          1215    3855.622  1504.296     5359.919 
        sll_94_28      shift_left_vlog_unsigned                274     625.253   299.628      924.881 
        srl_104_28     shift_right_vlog_unsigned               233     476.739   247.932      724.671 
        sub_84_37      sub_unsigned                            195     353.671   173.258      526.928 
      IR_reg           reg_w_enable_WIDTH32_225                 14      94.409     0.000       94.409 
      MAR_reg          reg_w_enable_WIDTH7                      10      62.945     0.000       62.945 
      MDR_reg          reg_w_enable_WIDTH32                     35     335.519     0.000      335.519 
      OVERFL_reg       reg_w_enable_WIDTH1_223                   2      10.269     0.000       10.269 
      PC_reg           reg_w_enable_WIDTH7_226                   9      62.253     0.000       62.253 
      ZERO_reg         reg_w_enable_WIDTH1                       2      10.269     0.000       10.269 
    FSM                cpu_32bit__fsm                           66     143.221    63.119      206.340 
    ram_wrapper        CDK_S128x16_wrapper                    7576   31005.446  8601.433    39606.879 
      u_ram128x16_soft CDK_S128x16_SYNTHESIZE_RAM             7576   31005.446  8601.433    39606.879 
  U_IO                 io_wrapper                               83 1030003.762     0.741  1030004.503 
