============================================================
  Generated by:           Genus(TM) Synthesis Solution 22.12-s082_1
  Generated on:           Apr 07 2026  04:10:27 pm
  Module:                 cpu_32bit_top
  Library domain:         slow
    Domain index:         0
    Technology libraries: gpdk045bc 
                          GPDK_IO.lib 1.1
                          physical_cells 
  Library domain:         fast
    Domain index:         1
    Technology libraries: gpdk045wc 
                          GPDK_IO.lib 1.1
                          physical_cells 
  Operating conditions:   slow 
  Operating conditions:   fast 
  Interconnect mode:      global
  Area mode:              physical library
============================================================

                                       Leakage                      Library 
    Gate     Instances     Area       Power (nW)       Library       Domain 
----------------------------------------------------------------------------
ACHCONX2             8      101.232        13.420    gpdk045wc         fast 
ADDFHX4              2       19.152         3.273    gpdk045wc         fast 
ADDFHXL              1        7.524         0.885    gpdk045wc         fast 
ADDFX1             242     1655.280       178.477    gpdk045wc         fast 
ADDHX1               1        5.130         0.566    gpdk045wc         fast 
ADDHX2               5       25.650         3.637    gpdk045wc         fast 
ADDHXL              27      129.276        13.749    gpdk045wc         fast 
AND2X1              89      152.190        18.257    gpdk045wc         fast 
AND2X2               1        2.052         0.296    gpdk045wc         fast 
AND2X4              21       64.638        11.200    gpdk045wc         fast 
AND2X6               6       22.572         5.210    gpdk045wc         fast 
AND3X2               4       10.944         1.332    gpdk045wc         fast 
AND3X4               3        9.234         1.783    gpdk045wc         fast 
AND3XL               4        8.208         0.877    gpdk045wc         fast 
AND4X4               1        3.762         0.664    gpdk045wc         fast 
AND4XL               2        4.788         0.556    gpdk045wc         fast 
AO21X1              25       59.850         7.045    gpdk045wc         fast 
AO21X2               1        2.736         0.373    gpdk045wc         fast 
AO21X4               1        3.420         0.640    gpdk045wc         fast 
AO22X1              12       36.936         3.826    gpdk045wc         fast 
AO22XL             142      388.512        40.699    gpdk045wc         fast 
AOI211X1             3        7.182         1.154    gpdk045wc         fast 
AOI211X4             4       25.992         6.148    gpdk045wc         fast 
AOI211XL            22       45.144         5.913    gpdk045wc         fast 
AOI21X1             81      166.212        22.458    gpdk045wc         fast 
AOI21X2            126      344.736        69.826    gpdk045wc         fast 
AOI21X4            461     2364.930       511.134    gpdk045wc         fast 
AOI21XL             60      102.600        11.535    gpdk045wc         fast 
AOI221X1            25       76.950        10.699    gpdk045wc         fast 
AOI221X2             5       22.230         4.304    gpdk045wc         fast 
AOI221X4             1        7.866         1.722    gpdk045wc         fast 
AOI222X1            11       33.858         5.234    gpdk045wc         fast 
AOI22X1           2086     4993.884       674.654    gpdk045wc         fast 
AOI22X2             44      165.528        28.464    gpdk045wc         fast 
AOI22X4             67      412.452        86.685    gpdk045wc         fast 
AOI2BB1X1           29       59.508         9.086    gpdk045wc         fast 
AOI2BB1X2            7       21.546         3.312    gpdk045wc         fast 
AOI2BB1X4           10       41.040         8.529    gpdk045wc         fast 
AOI2BB2X1           22       75.240         9.885    gpdk045wc         fast 
AOI2BB2X2           36      184.680        27.465    gpdk045wc         fast 
AOI2BB2X4           62      466.488        90.393    gpdk045wc         fast 
AOI2BB2XL            1        3.762         0.331    gpdk045wc         fast 
AOI31X1              3        6.156         0.981    gpdk045wc         fast 
AOI31X2             13       44.460         8.504    gpdk045wc         fast 
AOI31X4             10       64.980        13.040    gpdk045wc         fast 
AOI32X1              2        6.156         0.778    gpdk045wc         fast 
AOI32X4              1        7.866         1.556    gpdk045wc         fast 
AOI32XL              3        8.208         0.711    gpdk045wc         fast 
BMXIX2               5       37.620         4.213    gpdk045wc         fast 
BUFX12               2       10.260         2.888    gpdk045wc         fast 
BUFX16               9       61.560        17.568    gpdk045wc         fast 
BUFX2              336      574.560        86.967    gpdk045wc         fast 
BUFX20               1        8.208         2.433    gpdk045wc         fast 
BUFX3              766     1571.832       291.026    gpdk045wc         fast 
BUFX4               17       40.698         8.006    gpdk045wc         fast 
BUFX6              435     1338.930       323.569    gpdk045wc         fast 
BUFX8                9       33.858         8.310    gpdk045wc         fast 
DFFQX1               3       17.442         2.095    gpdk045wc         fast 
DFFQXL            4165    22790.880      2782.370    gpdk045wc         fast 
DFFRHQX2            46      361.836        48.148    gpdk045wc         fast 
DFFRHQX4            14      134.064        19.787    gpdk045wc         fast 
DFFRHQX8            23      259.578        46.728    gpdk045wc         fast 
DFFRX4              10      109.440        17.648    gpdk045wc         fast 
INVX1              963      666.926        87.670    gpdk045wc         fast 
INVX12              35      134.662        40.873    gpdk045wc         fast 
INVX16              35      183.739        55.445    gpdk045wc         fast 
INVX2              682      711.394       124.188    gpdk045wc         fast 
INVX20               8       50.411        15.780    gpdk045wc         fast 
INVX3              203      282.911        55.447    gpdk045wc         fast 
INVX4              261      455.236        95.049    gpdk045wc         fast 
INVX6              103      215.759        54.617    gpdk045wc         fast 
INVX8              172      480.886       122.099    gpdk045wc         fast 
INVXL                4        2.907         0.235    gpdk045wc         fast 
MX2X2                2        6.156         0.894    gpdk045wc         fast 
MX2XL               26       71.136         8.412    gpdk045wc         fast 
MXI2X1              22       60.192         7.665    gpdk045wc         fast 
MXI2XL             100      239.400        26.610    gpdk045wc         fast 
NAND2BX1           293      408.339        75.689    gpdk045wc         fast 
NAND2BX2            58      124.967        25.518    gpdk045wc         fast 
NAND2BX4            33      115.399        27.492    gpdk045wc         fast 
NAND2BXL             2        2.975         0.388    gpdk045wc         fast 
NAND2X1            402      419.326        73.006    gpdk045wc         fast 
NAND2X2            301      525.004       109.353    gpdk045wc         fast 
NAND2X4            485     1658.700       352.333    gpdk045wc         fast 
NAND2X6            278     1331.064       298.224    gpdk045wc         fast 
NAND2X8            151      826.272       213.651    gpdk045wc         fast 
NAND2XL              2        2.736         0.234    gpdk045wc         fast 
NAND3BX2             3        9.234         1.859    gpdk045wc         fast 
NAND3BXL            29       51.574         7.307    gpdk045wc         fast 
NAND3X1              9       15.390         2.442    gpdk045wc         fast 
NAND3X2              2        5.472         1.086    gpdk045wc         fast 
NAND3X4              9       43.092         9.767    gpdk045wc         fast 
NAND3X6             11       79.002        17.610    gpdk045wc         fast 
NAND3X8             15      123.120        31.660    gpdk045wc         fast 
NAND3XL              1        1.710         0.175    gpdk045wc         fast 
NAND4BBXL            1        3.078         0.386    gpdk045wc         fast 
NAND4X1            516     1058.832       185.869    gpdk045wc         fast 
NAND4X2             32      120.384        23.035    gpdk045wc         fast 
NOR2BX1            228      389.880        50.957    gpdk045wc         fast 
NOR2BX2             40      109.440        15.140    gpdk045wc         fast 
NOR2BX4             35      131.670        24.437    gpdk045wc         fast 
NOR2BXL              1        1.710         0.166    gpdk045wc         fast 
NOR2X1             169      231.192        27.013    gpdk045wc         fast 
NOR2X2             365      748.980       116.686    gpdk045wc         fast 
NOR2X4             775     2650.500       495.500    gpdk045wc         fast 
NOR2X6             398     1769.508       378.480    gpdk045wc         fast 
NOR2X8             188     1028.736       236.835    gpdk045wc         fast 
NOR2XL             408      418.608        39.230    gpdk045wc         fast 
NOR3BX1             13       26.676         3.735    gpdk045wc         fast 
NOR3BX2              8       27.360         4.127    gpdk045wc         fast 
NOR3BX4              7       40.698         7.037    gpdk045wc         fast 
NOR3X1               9       15.390         2.057    gpdk045wc         fast 
NOR3X2              20       54.720         9.141    gpdk045wc         fast 
NOR3X4              22      112.860        20.109    gpdk045wc         fast 
NOR3X6              24      172.368        32.714    gpdk045wc         fast 
NOR3X8              20      177.840        36.166    gpdk045wc         fast 
NOR4BBX1             1        3.078         0.423    gpdk045wc         fast 
NOR4BX4              1        7.524         1.280    gpdk045wc         fast 
NOR4X1              34       81.396        10.104    gpdk045wc         fast 
NOR4X4               1        6.498         1.189    gpdk045wc         fast 
NOR4X6               1        8.208         1.773    gpdk045wc         fast 
NOR4X8               3       31.806         7.071    gpdk045wc         fast 
NOR4XL             102      209.304        17.417    gpdk045wc         fast 
OA21X1              18       43.092         4.364    gpdk045wc         fast 
OA21X2               1        3.078         0.334    gpdk045wc         fast 
OA21X4               1        3.762         0.602    gpdk045wc         fast 
OA22X1               1        3.078         0.319    gpdk045wc         fast 
OAI211X1            17       34.884         5.779    gpdk045wc         fast 
OAI211X2             3       12.312         2.040    gpdk045wc         fast 
OAI211X4            11       71.478        14.950    gpdk045wc         fast 
OAI21X1             73      149.796        18.272    gpdk045wc         fast 
OAI21X2            198      609.444        99.111    gpdk045wc         fast 
OAI21X4            563     2695.644       563.535    gpdk045wc         fast 
OAI21XL             89      152.190        13.751    gpdk045wc         fast 
OAI221X1             9       24.624         3.677    gpdk045wc         fast 
OAI222X1             1        3.078         0.477    gpdk045wc         fast 
OAI22X1             12       28.728         4.154    gpdk045wc         fast 
OAI22X2             13       44.460         9.007    gpdk045wc         fast 
OAI22X4             36      233.928        49.877    gpdk045wc         fast 
OAI22XL            272      558.144        62.409    gpdk045wc         fast 
OAI2BB1X1           52      106.704        15.365    gpdk045wc         fast 
OAI2BB1X2           14       43.092         6.678    gpdk045wc         fast 
OAI2BB1X4           20       88.920        17.895    gpdk045wc         fast 
OAI2BB2X2            2       10.944         1.663    gpdk045wc         fast 
OAI2BB2X4            2       17.100         3.163    gpdk045wc         fast 
OAI31X1              7       14.364         2.233    gpdk045wc         fast 
OAI31X2              4       15.048         2.551    gpdk045wc         fast 
OAI31X4              5       34.200         6.377    gpdk045wc         fast 
OAI32X1              5       13.680         2.074    gpdk045wc         fast 
OAI32X2              1        4.446         0.830    gpdk045wc         fast 
OAI32X4              1        8.208         1.659    gpdk045wc         fast 
OR2X1               52       88.920        12.715    gpdk045wc         fast 
OR2X2               19       38.988         6.376    gpdk045wc         fast 
OR2X4               10       30.780         5.880    gpdk045wc         fast 
OR2X6               23       94.392        22.019    gpdk045wc         fast 
OR2X8                2        9.576         2.274    gpdk045wc         fast 
OR2XL               28       47.880         5.943    gpdk045wc         fast 
OR3X1                4        8.208         1.285    gpdk045wc         fast 
OR3X2                1        2.394         0.412    gpdk045wc         fast 
OR3X6                2        9.576         2.342    gpdk045wc         fast 
OR4X1                8       19.152         3.184    gpdk045wc         fast 
PADCORNER            4   250000.000         0.000    physical_cells    fast 
PADI                35   350000.000  17646792.188    GPDK_IO.lib       fast 
PADO                35   350000.000  17646792.188    GPDK_IO.lib       fast 
PADVDD1              4    40000.000         0.000    physical_cells    fast 
PADVSS1              4    40000.000         0.000    physical_cells    fast 
SDFFRHQX1            2       19.152         2.428    gpdk045wc         fast 
TLATNTSCAX2        134      870.732       104.487    gpdk045wc         fast 
XNOR2X1            251      772.578       100.153    gpdk045wc         fast 
XNOR2X2              4       16.416         1.960    gpdk045wc         fast 
XNOR2X4              4       16.416         2.949    gpdk045wc         fast 
XNOR3X1             20      150.480        16.013    gpdk045wc         fast 
XNOR3XL             10       75.240         7.795    gpdk045wc         fast 
XOR2X1             309      951.102       117.751    gpdk045wc         fast 
XOR2X2              11       37.620         5.193    gpdk045wc         fast 
XOR2X4               3       12.312         2.158    gpdk045wc         fast 
----------------------------------------------------------------------------
total            20166  1097067.183  35304194.719                   


                                                   Leakage   Leakage 
    Library    Instances Instances %    Area     Power (nW)  Power % 
---------------------------------------------------------------------
GPDK_IO.lib           70         0.3 700000.000 35293584.375   100.0 
gpdk045wc          20084        99.6  67067.183    10610.344     0.0 
physical_cells        12         0.1 330000.000        0.000     0.0 

                                                             Leakage   Leakage 
            Type             Instances     Area    Area %  Power (nW)  Power % 
-------------------------------------------------------------------------------
timing_model                        70  700000.000   63.8 35293584.375   100.0 
sequential                        4263   23692.392    2.2     2919.206     0.0 
inverter                          2466    3184.832    0.3      651.404     0.0 
buffer                            1575    3639.906    0.3      740.768     0.0 
clock_gating_integrated_cell       134     870.732    0.1      104.487     0.0 
logic                            11658  365679.321   33.3     6194.480     0.0 
physical_cells                       0       0.000    0.0        0.000     0.0 
-------------------------------------------------------------------------------
total                            20166 1097067.183  100.0 35304194.719   100.0 

