============================================================
  Generated by:           Genus(TM) Synthesis Solution 22.12-s082_1
  Generated on:           Apr 07 2026  04:32:15 pm
  Module:                 cpu_32bit_top
  Library domain:         slow
    Domain index:         0
    Technology libraries: gpdk045bc 
                          GPDK_IO.lib 1.1
                          physical_cells 
  Library domain:         fast
    Domain index:         1
    Technology libraries: gpdk045wc 
                          GPDK_IO.lib 1.1
                          physical_cells 
  Operating conditions:   slow 
  Operating conditions:   fast 
  Interconnect mode:      global
  Area mode:              physical library
============================================================

       Instance                     Module              Cell Count   Cell Area  Net Area   Total Area 
------------------------------------------------------------------------------------------------------
cpu_32bit_top                                                19905 1098213.268 22673.726  1120886.994 
  U_CORE               cpu_32bit                             19822   68209.506 22341.275    90550.781 
    DP                 cpu_32bit__dp                         12159   36867.087 13569.226    50436.313 
      ACC_reg          reg_w_enable_WIDTH32_224                 35     332.091     0.741      332.832 
      ALU              cpu_32bit__alu                        11926   35611.494 13300.141    48911.635 
        add_74_37      add_unsigned                            225     429.022   204.788      633.810 
        div_128_37     divide_unsigned_rtlopto_model_9        9582   29348.653 10324.562    39673.215 
        mul_116_37     mult_unsigned                          1133    3708.682  1445.682     5154.364 
        sll_94_28      shift_left_vlog_unsigned                176     441.659   197.737      639.396 
        srl_104_28     shift_right_vlog_unsigned               177     390.068   193.784      583.852 
        sub_84_37      sub_unsigned                            189     340.658   166.644      507.301 
      IR_reg           reg_w_enable_WIDTH32_225                 13      93.717     0.000       93.717 
      MAR_reg          reg_w_enable_WIDTH7                       9      74.223     0.000       74.223 
      MDR_reg          reg_w_enable_WIDTH32                     34     327.303     0.000      327.303 
      OVERFL_reg       reg_w_enable_WIDTH1_223                   2      10.269     0.000       10.269 
      PC_reg           reg_w_enable_WIDTH7_226                   9      62.253     0.000       62.253 
      ZERO_reg         reg_w_enable_WIDTH1                       2      10.269     0.000       10.269 
    FSM                cpu_32bit__fsm                           66     142.503    63.499      206.001 
    ram_wrapper        CDK_S128x16_wrapper                    7597   31199.916  8629.162    39829.078 
      u_ram128x16_soft CDK_S128x16_SYNTHESIZE_RAM             7597   31199.916  8629.162    39829.078 
  U_IO                 io_wrapper                               83 1030003.762     0.741  1030004.503 
