============================================================
  Generated by:           Genus(TM) Synthesis Solution 22.12-s082_1
  Generated on:           Apr 07 2026  04:32:28 pm
  Module:                 cpu_32bit_top
  Library domain:         slow
    Domain index:         0
    Technology libraries: gpdk045bc 
                          GPDK_IO.lib 1.1
                          physical_cells 
  Library domain:         fast
    Domain index:         1
    Technology libraries: gpdk045wc 
                          GPDK_IO.lib 1.1
                          physical_cells 
  Operating conditions:   slow 
  Operating conditions:   fast 
  Interconnect mode:      global
  Area mode:              physical library
============================================================

           Pin                      Type         Fanout Load Slew Delay Arrival   
                                   (Domain)             (fF) (ps)  (ps)   (ps)    
----------------------------------------------------------------------------------
(clock clk)                     launch                                        0 R 
                                latency                           +1000    1000 R 
U_CORE
  DP
    MDR_reg
      qout_regx6x/CK                                            0    +0    1000 R 
      qout_regx6x/Q             DFFRHQX8(slow)        6 21.3   66  +303    1303 F 
    MDR_reg/qout[6] 
    ALU/bin[6] 
      div_128_37/B[6] 
        g19/A                                                        +0    1303   
        g19/Y                   INVX8(slow)           2  8.8   33   +38    1340 R 
        g806/A0                                                      +0    1340   
        g806/Y                  AOI21X4(slow)         2  6.1   93   +74    1415 F 
        g164045/A1                                                   +0    1415   
        g164045/Y               AOI21X4(slow)         1  4.5   67   +77    1492 R 
        g164042/B0                                                   +0    1492   
        g164042/Y               OAI21X4(slow)         2  8.6  112   +88    1580 F 
        g170359/A                                                    +0    1580   
        g170359/Y               NAND2X6(slow)         1  7.7   50   +61    1641 R 
        g170358/B                                                    +0    1641   
        g170358/Y               NAND2X8(slow)         2 12.3   84   +63    1704 F 
        g165911/B                                                    +0    1704   
        g165911/Y               NAND2X6(slow)         2  8.4   44   +50    1754 R 
        g165913/B                                                    +0    1754   
        g165913/Y               NAND2X6(slow)         3 10.7   91   +65    1819 F 
        g165915/A                                                    +0    1819   
        g165915/Y               INVX8(slow)           5 20.6   58   +57    1876 R 
        g173264/B                                                    +0    1876   
        g173264/Y               NOR2X8(slow)          2  6.9   34   +38    1914 F 
        g162985/A1                                                   +0    1914   
        g162985/Y               OAI21X4(slow)         2  7.5   98   +65    1979 R 
        g176773/B                                                    +0    1979   
        g176773/Y               NAND2X6(slow)         1  6.2   71   +71    2050 F 
        g176772/B                                                    +0    2050   
        g176772/Y               NOR2X6(slow)          2  9.5   78   +61    2111 R 
        g176771/B                                                    +0    2111   
        g176771/Y               NAND3X8(slow)         1  7.5  110   +97    2208 F 
        g172365/A                                                    +0    2208   
        g172365/Y               NOR2X8(slow)          2 11.6   73   +80    2288 R 
        g165589/B                                                    +0    2288   
        g165589/Y               NAND2X4(slow)         1  4.7   70   +64    2352 F 
        g165587/B                                                    +0    2352   
        g165587/Y               NAND2X4(slow)         1  7.7   48   +48    2400 R 
        g165585/B                                                    +0    2400   
        g165585/Y               NAND2X8(slow)         1  6.3   61   +50    2450 F 
        g165584/A                                                    +0    2450   
        g165584/Y               NAND2X6(slow)         2 10.0   46   +45    2496 R 
        g167577/B                                                    +0    2496   
        g167577/Y               NAND2X8(slow)         1  7.7   66   +52    2548 F 
        g163299/B                                                    +0    2548   
        g163299/Y               NOR2X8(slow)          2 10.8   70   +57    2604 R 
        g173643/A                                                    +0    2604   
        g173643/Y               INVX8(slow)           3 13.2   44   +47    2651 F 
        g166023/A                                                    +0    2651   
        g166023/Y               INVX6(slow)           1  7.7   31   +32    2683 R 
        g168376/B                                                    +0    2683   
        g168376/Y               NOR2X8(slow)          2 11.6   45   +33    2716 F 
        g168128/C                                                    +0    2716   
        g168128/Y               NOR3X4(slow)          1  4.6  111   +68    2784 R 
        g168126/B                                                    +0    2784   
        g168126/Y               NOR2X4(slow)          1  7.7   56   +67    2851 F 
        g170300/B                                                    +0    2851   
        g170300/Y               NOR2X8(slow)          2  9.3   64   +51    2902 R 
        g170299/B                                                    +0    2902   
        g170299/Y               NOR2X8(slow)          2  9.1   47   +43    2945 F 
        g163706/B                                                    +0    2945   
        g163706/Y               NOR2X8(slow)          2  8.6   60   +47    2991 R 
        g163704/B                                                    +0    2991   
        g163704/Y               NOR2X6(slow)          1  7.7   42   +43    3034 F 
        g165296/B                                                    +0    3034   
        g165296/Y               NOR2X8(slow)          1 10.1   65   +48    3081 R 
        fopt174392/A                                                 +0    3082   
        fopt174392/Y            INVX12(slow)          4 22.4   47   +48    3129 F 
        fopt168365/A                                                 +0    3129   
        fopt168365/Y            INVX16(slow)          6 27.9   38   +36    3165 R 
        g168740/A                                                    +0    3165   
        g168740/Y               NOR2X4(slow)          2  8.6   55   +46    3211 F 
        g174754/B                                                    +0    3211   
        g174754/Y               NAND2X4(slow)         1  7.7   53   +43    3254 R 
        g171471/B                                                    +0    3254   
        g171471/Y               NAND2X8(slow)         1  7.8   65   +54    3308 F 
        g171989/A                                                    +0    3308   
        g171989/Y               NOR3X8(slow)          3 10.0  115  +101    3409 R 
        g171993/A1                                                   +0    3409   
        g171993/Y               OAI21X4(slow)         1  4.7   81   +91    3500 F 
        g174035/A1                                                   +0    3500   
        g174035/Y               AOI21X4(slow)         1  4.5   68   +73    3573 R 
        g149445/B0                                                   +0    3573   
        g149445/Y               OAI21X4(slow)         1  7.7  105   +84    3658 F 
        g149442/B                                                    +0    3658   
        g149442/Y               NAND2X8(slow)         4 16.0   58   +61    3719 R 
        fopt154460/A                                                 +0    3719   
        fopt154460/Y            INVX4(slow)           2  8.6   48   +46    3765 F 
        g149398/A1                                                   +0    3765   
        g149398/Y               AOI22X4(slow)         1  7.7  107   +88    3853 R 
        g162732/B                                                    +0    3853   
        g162732/Y               NAND2X8(slow)         2 10.7   83   +78    3931 F 
        g174368/B                                                    +0    3931   
        g174368/Y               NOR2X8(slow)          2 12.5   78   +65    3996 R 
        g174370/A                                                    +0    3996   
        g174370/Y               INVX12(slow)          5 23.8   50   +54    4050 F 
        g174372/B                                                    +0    4050   
        g174372/Y               NOR2X8(slow)          4 11.5   71   +53    4103 R 
        g164232/A1                                                   +0    4103   
        g164232/Y               OAI21X4(slow)         1  4.7   81   +76    4179 F 
        g166813/A1                                                   +0    4179   
        g166813/Y               AOI21X4(slow)         1  4.5   68   +73    4252 R 
        g170234/B0                                                   +0    4252   
        g170234/Y               OAI21X4(slow)         2  6.1   92   +78    4329 F 
        g166821/B                                                    +0    4329   
        g166821/Y               NAND2X4(slow)         1  7.7   52   +57    4386 R 
        g173292/B                                                    +0    4386   
        g173292/Y               NAND2X8(slow)         1 12.7   85   +64    4451 F 
        fopt166817/A                                                 +0    4451   
        fopt166817/Y            INVX16(slow)         10 39.5   54   +55    4506 R 
        fopt164962/A                                                 +0    4506   
        fopt164962/Y            INVX8(slow)           1  7.7   30   +35    4541 F 
        g167172/B                                                    +0    4541   
        g167172/Y               NAND2X8(slow)         4 16.0   50   +35    4576 R 
        g149040/A1                                                   +0    4576   
        g149040/Y               OAI21X4(slow)         1  7.7  106   +81    4657 F 
        g149004/B                                                    +0    4657   
        g149004/Y               NOR2X8(slow)          5 23.9  123   +94    4751 R 
        g148903/B                                                    +0    4751   
        g148903/Y               NOR2X6(slow)          2  6.1   46   +63    4814 F 
        g166374/A1                                                   +0    4814   
        g166374/Y               AOI21X4(slow)         2  6.2   82   +67    4882 R 
        g174747/A1                                                   +0    4882   
        g174747/Y               OAI21X4(slow)         1  4.5   80   +79    4960 F 
        g174744/B0                                                   +0    4960   
        g174744/Y               AOI21X4(slow)         2  6.9   85   +70    5030 R 
        g171975/A1                                                   +0    5030   
        g171975/Y               OAI21X4(slow)         1  7.7  105   +93    5124 F 
        g171974/B                                                    +0    5124   
        g171974/Y               NAND2X8(slow)         3 17.4   60   +62    5186 R 
        fopt155981/A                                                 +0    5186   
        fopt155981/Y            INVX4(slow)           4 12.9   66   +56    5243 F 
        g169192/B0                                                   +0    5243   
        g169192/Y               OAI21X4(slow)         1  4.5   76   +41    5284 R 
        g169190/B0                                                   +0    5284   
        g169190/Y               OAI21X4(slow)         1  4.5   80   +74    5358 F 
        g165339/B0                                                   +0    5358   
        g165339/Y               AOI21X4(slow)         1  7.7   91   +73    5431 R 
        g173606/B                                                    +0    5431   
        g173606/Y               NAND2X8(slow)         6 21.8  124   +96    5527 F 
        g156793/B                                                    +0    5527   
        g156793/Y               NAND2X2(slow)         2  5.9   69   +76    5603 R 
        g167039/B0                                                   +0    5603   
        g167039/Y               OAI21X4(slow)         2  6.1   92   +78    5681 F 
        g148245/A1                                                   +0    5681   
        g148245/Y               AOI21X4(slow)         1  4.6   67   +77    5758 R 
        g148226/A1                                                   +0    5758   
        g148226/Y               OAI21X4(slow)         1  6.2   96   +81    5839 F 
        g169206/A                                                    +0    5839   
        g169206/Y               NOR2X6(slow)          2  7.7   66   +72    5912 R 
        g170759/B                                                    +0    5912   
        g170759/Y               NOR2X6(slow)          1  7.7   41   +45    5957 F 
        g170755/B                                                    +0    5957   
        g170755/Y               NOR2X8(slow)          1  7.0   54   +42    5998 R 
        fopt175857/A                                                 +0    5998   
        fopt175857/Y            INVX8(slow)           3 14.7   44   +42    6041 F 
        g156972/B                                                    +0    6041   
        g156972/Y               OR2X8(slow)           7 26.0   87  +141    6182 F 
        g169986/A1                                                   +0    6182   
        g169986/Y               OAI21X4(slow)         1  6.1   88   +77    6259 R 
        g32/B                                                        +0    6259   
        g32/Y                   NOR2X6(slow)          5 17.2   71   +67    6326 F 
        g167076/A1                                                   +0    6326   
        g167076/Y               AOI22X2(slow)         1  4.8  122  +106    6431 R 
        g164897/A                                                    +0    6431   
        g164897/Y               NAND2X4(slow)         1  6.2   83   +92    6523 F 
        g169435/A                                                    +0    6523   
        g169435/Y               NOR2X6(slow)          1  7.7   66   +69    6592 R 
        g164180/B                                                    +0    6592   
        g164180/Y               NOR2X8(slow)          6 20.2   69   +55    6647 F 
        g161602/B                                                    +0    6647   
        g161602/Y               NOR2X6(slow)          1  7.7   67   +56    6704 R 
        g166731/B                                                    +0    6704   
        g166731/Y               NOR2X8(slow)          4 14.2   54   +49    6753 F 
        g166733/B                                                    +0    6753   
        g166733/Y               NOR2X6(slow)          1  6.1   58   +47    6800 R 
        g174174/B                                                    +0    6800   
        g174174/Y               NOR2X6(slow)          1  7.7   41   +42    6842 F 
        g174173/B                                                    +0    6842   
        g174173/Y               NOR2X8(slow)          1  7.7   58   +43    6885 R 
        g174172/B                                                    +0    6885   
        g174172/Y               NAND2X8(slow)         1  4.7   53   +49    6934 F 
        g174171/A1                                                   +0    6934   
        g174171/Y               AOI21X4(slow)         1  7.7   90   +76    7010 R 
        g165233/B                                                    +0    7010   
        g165233/Y               NAND2X8(slow)         2 10.1   78   +71    7082 F 
        g165232/B                                                    +0    7082   
        g165232/Y               NOR2X8(slow)          3 19.2  102   +76    7158 R 
        g174457/A                                                    +0    7158   
        g174457/Y               INVX8(slow)           4 14.7   53   +59    7217 F 
        g174460/B                                                    +0    7217   
        g174460/Y               NOR2X8(slow)          2  6.0   51   +44    7261 R 
        g174461/A1                                                   +0    7261   
        g174461/Y               OAI21X4(slow)         1  4.7   81   +69    7330 F 
        g174026/A1                                                   +0    7330   
        g174026/Y               AOI21X4(slow)         1  4.6   68   +74    7404 R 
        g158780/A1                                                   +0    7404   
        g158780/Y               OAI21X4(slow)         1  6.2   93   +81    7485 F 
        g146856/B                                                    +0    7485   
        g146856/Y               NOR2X6(slow)          1  7.7   70   +64    7549 R 
        g162595/B                                                    +0    7549   
        g162595/Y               NAND2X8(slow)         2  7.5   65   +59    7608 F 
        g162592/B                                                    +0    7608   
        g162592/Y               NAND2X6(slow)         1  7.7   40   +42    7651 R 
        g159/B                                                       +0    7651   
        g159/Y                  NAND2X8(slow)         3 13.5   87   +62    7713 F 
        g146682/B                                                    +0    7713   
        g146682/Y               NOR2X6(slow)          1 12.7   93   +75    7788 R 
        g146664/A                                                    +0    7788   
        g146664/Y               INVX16(slow)         10 41.0   61   +63    7851 F 
        g146663/A                                                    +0    7851   
        g146663/Y               INVX12(slow)          2  8.4   28   +33    7884 R 
        g146605/A1                                                   +0    7884   
        g146605/Y               AOI21X4(slow)         3  8.0  108   +76    7959 F 
        g165089/A                                                    +0    7959   
        g165089/Y               INVX4(slow)           2 13.3   70   +69    8029 R 
        g168388/B                                                    +0    8029   
        g168388/Y               NOR2X8(slow)          2 10.0   42   +46    8074 F 
        fopt168387/A                                                 +0    8074   
        fopt168387/Y            INVX8(slow)           1  4.6   20   +25    8100 R 
        g171098/A1                                                   +0    8100   
        g171098/Y               AOI21X4(slow)         1  7.7  106   +72    8172 F 
        g171096/B                                                    +0    8172   
        g171096/Y               NAND2X8(slow)         2  8.4   45   +54    8226 R 
        g171094/B                                                    +0    8226   
        g171094/Y               NAND2X6(slow)         1  7.7   75   +57    8283 F 
        g173390/B                                                    +0    8283   
        g173390/Y               NAND2X8(slow)         3 12.1   45   +47    8331 R 
        g168136/A1                                                   +0    8331   
        g168136/Y               AOI21X4(slow)         3  8.9  115   +85    8415 F 
        g168139/A1                                                   +0    8415   
        g168139/Y               OAI21X4(slow)         1  2.5   66   +73    8488 R 
        g168138/A1N                                                  +0    8488   
        g168138/Y               AOI2BB2X4(slow)       1  4.6   91  +142    8630 R 
        g167620/A1                                                   +0    8630   
        g167620/Y               OAI21X4(slow)         1  4.5   80   +82    8712 F 
        g167619/B0                                                   +0    8712   
        g167619/Y               AOI21X4(slow)         1  7.7   91   +73    8786 R 
        g174399/B                                                    +0    8786   
        g174399/Y               NAND2X8(slow)         4 17.0  105   +86    8872 F 
        g145660/B                                                    +0    8872   
        g145660/Y               NOR2X4(slow)          2  7.6   89   +78    8950 R 
        g173733/B                                                    +0    8950   
        g173733/Y               NOR2X4(slow)          1  6.2   46   +56    9005 F 
        g173732/B                                                    +0    9005   
        g173732/Y               NOR2X6(slow)          2  6.0   57   +44    9050 R 
        g173738/A1                                                   +0    9050   
        g173738/Y               OAI21X4(slow)         1  4.7   81   +71    9121 F 
        g165121/A1                                                   +0    9121   
        g165121/Y               AOI21X4(slow)         1  6.1   80   +79    9200 R 
        g165120/B                                                    +0    9200   
        g165120/Y               NAND2X6(slow)         1  7.5   76   +68    9268 F 
        g174235/A                                                    +0    9268   
        g174235/Y               NOR2X8(slow)          3  8.7   60   +64    9332 R 
        g174234/A1                                                   +0    9332   
        g174234/Y               OAI21X4(slow)         1  7.7  105   +85    9417 F 
        g174233/B                                                    +0    9417   
        g174233/Y               NAND2X8(slow)         2 18.9   63   +64    9481 R 
        g175548/A                                                    +0    9481   
        g175548/Y               INVX16(slow)          3 29.6   46   +46    9527 F 
        g175550/A                                                    +0    9527   
        g175550/Y               INVX20(slow)          8 30.7   36   +34    9561 R 
        g175554/A1                                                   +0    9561   
        g175554/Y               OAI21X4(slow)         1  4.5   80   +63    9624 F 
        g144826/B0                                                   +0    9624   
        g144826/Y               AOI21X4(slow)         1  7.7   91   +73    9697 R 
        g173721/B                                                    +0    9698   
        g173721/Y               NAND2X8(slow)         3 13.6   92   +79    9777 F 
        g165896/B                                                    +0    9777   
        g165896/Y               OR2X6(slow)           2  8.3   52  +126    9902 F 
        g174140/A1                                                   +0    9902   
        g174140/Y               AOI21X4(slow)         2  6.0   78   +69    9971 R 
        g74/A1                                                       +0    9971   
        g74/Y                   OAI21X4(slow)         1  7.5  104   +90   10061 F 
        g172948/A                                                    +0   10061   
        g172948/Y               NOR2X8(slow)          4 12.9   78   +81   10142 R 
        g172954/B                                                    +0   10142   
        g172954/Y               NOR2X6(slow)          1  7.5   41   +49   10191 F 
        g163733/A                                                    +0   10191   
        g163733/Y               NOR2X8(slow)          2  6.9   57   +49   10240 R 
        g144002/B                                                    +0   10240   
        g144002/Y               NOR2X4(slow)          1  7.5   50   +47   10287 F 
        g162842/A                                                    +0   10287   
        g162842/Y               NOR2X8(slow)          3 11.1   70   +60   10347 R 
        g143937/A                                                    +0   10347   
        g143937/Y               BUFX6(slow)           1  7.7   36   +82   10429 R 
        g171365/B                                                    +0   10429   
        g171365/Y               NOR2X8(slow)          5 13.5   53   +37   10466 F 
        fopt166572/A                                                 +0   10466   
        fopt166572/Y            BUFX6(slow)           2  8.6   42   +76   10543 F 
        g166573/A1                                                   +0   10543   
        g166573/Y               AOI21X4(slow)         1  7.7   91   +72   10614 R 
        g172226/B                                                    +0   10614   
        g172226/Y               NAND2X8(slow)         7 23.9  132  +101   10715 F 
        g152/B                                                       +0   10715   
        g152/Y                  NAND2X2(slow)         2  5.9   70   +79   10794 R 
        g149/B0                                                      +0   10794   
        g149/Y                  OAI21X4(slow)         1  6.2   93   +79   10873 F 
        g170435/B                                                    +0   10873   
        g170435/Y               NOR2X6(slow)          2  9.1   77   +68   10941 R 
        g170672/B                                                    +0   10941   
        g170672/Y               NOR2X8(slow)          2 11.5   44   +50   10991 F 
        g170934/B                                                    +0   10991   
        g170934/Y               NOR2X8(slow)          2 11.5   71   +51   11042 R 
        g170932/B                                                    +0   11042   
        g170932/Y               NOR2X8(slow)          1  7.7   36   +44   11086 F 
        g170930/B                                                    +0   11086   
        g170930/Y               NOR2X8(slow)          5 15.2   84   +55   11142 R 
        g163643/A1                                                   +0   11142   
        g163643/Y               OAI21X4(slow)         3  9.6  120  +101   11243 F 
        g176222/A1                                                   +0   11243   
        g176222/Y               AOI21X4(slow)         1  4.8   72   +87   11330 R 
        g175113/B0                                                   +0   11330   
        g175113/Y               OAI2BB1X4(slow)       1  4.7   76   +73   11402 F 
        g169066/A1                                                   +0   11402   
        g169066/Y               AOI21X4(slow)         1  4.5   67   +71   11474 R 
        g169166/B0                                                   +0   11474   
        g169166/Y               OAI21X4(slow)         1  7.7  105   +84   11557 F 
        g169164/B                                                    +0   11558   
        g169164/Y               NOR2X8(slow)          3 11.7   79   +71   11629 R 
        g142225/B                                                    +0   11629   
        g142225/Y               NAND2X2(slow)         2  6.3  132   +99   11727 F 
        g169152/A1                                                   +0   11727   
        g169152/Y               AOI21X4(slow)         2  6.0   78   +95   11822 R 
        g169150/A1                                                   +0   11822   
        g169150/Y               OAI21X4(slow)         1  4.7   81   +78   11901 F 
        g169149/A1                                                   +0   11901   
        g169149/Y               AOI21X4(slow)         1  4.5   67   +73   11974 R 
        g171179/B0                                                   +0   11974   
        g171179/Y               OAI21X4(slow)         2  6.0   92   +77   12051 F 
        g228/B1                                                      +0   12051   
        g228/Y                  AOI22X4(slow)         1  7.7  107   +82   12133 R 
        g170582/B                                                    +0   12133   
        g170582/Y               NAND2X8(slow)         2 18.9  115   +95   12228 F 
        g170581/A                                                    +0   12228   
        g170581/Y               INVX16(slow)         10 39.0   60   +65   12293 R 
        g174413/A                                                    +0   12293   
        g174413/Y               NOR2X8(slow)          7 28.5   82   +66   12359 F 
        fopt174415/A                                                 +0   12359   
        fopt174415/Y            BUFX20(slow)          5 18.9   37   +90   12449 F 
        g174420/B                                                    +0   12449   
        g174420/Y               NAND2X8(slow)         1  7.6   41   +29   12479 R 
        g141580/A                                                    +0   12479   
        g141580/Y               NAND2X8(slow)         4 14.2   94   +70   12549 F 
        g141408/B                                                    +0   12549   
        g141408/Y               NOR2X4(slow)          2  8.2   92   +76   12625 R 
        g141198__7410/A1                                             +0   12625   
        g141198__7410/Y         OAI21X4(slow)         2  6.2   93   +89   12714 F 
        g141020__8428/A0                                             +0   12714   
        g141020__8428/Y         AOI21X4(slow)         1  6.3   85   +89   12803 R 
        g169091/A                                                    +0   12803   
        g169091/Y               NAND2X6(slow)         2  9.1   83   +80   12884 F 
        g140921__6417/B                                              +0   12884   
        g140921__6417/Y         NAND2X6(slow)         1  7.7   42   +49   12932 R 
        g166335/B                                                    +0   12932   
        g166335/Y               NAND2X8(slow)         3 14.8   93   +66   12998 F 
        g171051/B                                                    +0   12998   
        g171051/Y               NAND2X4(slow)         1  4.7   41   +51   13049 R 
        g171046/B                                                    +0   13049   
        g171046/Y               NAND2X4(slow)         2  4.8   70   +54   13103 F 
        g140735__6417/B                                              +0   13103   
        g140735__6417/Y         AND2X6(slow)          1 12.7   55   +94   13197 F 
        fopt161258/A                                                 +0   13197   
        fopt161258/Y            INVX16(slow)          3 33.9   45   +42   13238 R 
        fopt160496/A                                                 +0   13238   
        fopt160496/Y            INVX8(slow)           4 14.4   42   +39   13277 F 
        fopt160497/A                                                 +0   13277   
        fopt160497/Y            INVX4(slow)           3 10.7   50   +41   13318 R 
        g140590__5526/A1                                             +0   13318   
        g140590__5526/Y         OAI21X4(slow)         1  4.5   80   +68   13386 F 
        g164503/B0                                                   +0   13386   
        g164503/Y               AOI21X4(slow)         1  7.7   91   +73   13459 R 
        g164501/B                                                    +0   13459   
        g164501/Y               NAND2X8(slow)         4 16.1  102   +84   13543 F 
        fopt158348/A                                                 +0   13543   
        fopt158348/Y            INVX8(slow)           5 14.7   51   +55   13598 R 
        g140320__6131/B1                                             +0   13598   
        g140320__6131/Y         AOI22X4(slow)         2  9.9  151   +81   13679 F 
        g222/B                                                       +0   13679   
        g222/Y                  NAND2X6(slow)         3 12.3   68   +76   13755 R 
        g216/B                                                       +0   13755   
        g216/Y                  NOR2X4(slow)          1  6.1   53   +48   13803 F 
        g215/B                                                       +0   13803   
        g215/Y                  NAND2X6(slow)         1  8.1   47   +38   13841 R 
        g214/B                                                       +0   13841   
        g214/Y                  NAND3X8(slow)         1  4.6   93   +78   13919 F 
        g140155__161227/A1                                           +0   13919   
        g140155__161227/Y       AOI211X4(slow)        1  4.8  122  +118   14037 R 
        g140152__1617/A0                                             +0   14037   
        g140152__1617/Y         OAI21X4(slow)         2  6.4   95  +110   14147 F 
      div_128_37/QUOTIENT[0] 
      g6/B                                                           +0   14147   
      g6/Y                      NAND2X4(slow)         1  7.7   52   +58   14205 R 
      g18/B                                                          +0   14205   
      g18/Y                     NAND2X8(slow)         2 10.1   74   +59   14264 F 
    ALU/dout[0] 
    g35/B                                                            +0   14264   
    g35/Y                       NOR2X6(slow)          1  4.4   52   +50   14314 R 
    g34/A                                                            +0   14314   
    g34/Y                       INVX4(slow)           1  3.3   26   +33   14347 F 
    g1529/B                                                          +0   14347   
    g1529/Y                     NAND3X2(slow)         1  2.4   45   +32   14379 R 
    ACC_reg/din[0] 
      qout_regx0x/D        <<<  DFFRHQX2(slow)                       +0   14379   
      qout_regx0x/CK            setup                           0  +109   14488 R 
- - - - - - - - - - - - - - - - - - - - - - - - - - - - - - - - - - - - - - - - - 
(clock clk)                     capture                                   10200 R 
                                latency                           +1000   11200 R 
                                uncertainty                        -100   11100 R 
----------------------------------------------------------------------------------
Exception    : 'multi_cycles/top.sdc_line_19' launch shift 0, capture shift 6
Cost Group   : 'clk' (path_group 'clk')
Timing slack :   -3388ps (TIMING VIOLATION)
Start-point  : U_CORE/DP/MDR_reg/qout_regx6x/CK
End-point    : U_CORE/DP/ACC_reg/qout_regx0x/D

