Command: report datapath > reports/generic/cpu_16bit_top_datapath.rpt
Warning: '-sort' is not specified. By default, 'report datapath' orders the components based on instance name
============================================================
  Generated by:           Genus(TM) Synthesis Solution 22.12-s082_1
  Generated on:           Apr 06 2026  09:39:19 am
  Module:                 cpu_16bit_top
  Library domain:         slow
    Domain index:         0
    Technology libraries: gpdk045bc 
                          GPDK_IO.lib 1.1
                          physical_cells 
  Library domain:         fast
    Domain index:         1
    Technology libraries: gpdk045wc 
                          GPDK_IO.lib 1.1
                          physical_cells 
  Operating conditions:   slow 
  Operating conditions:   fast 
  Interconnect mode:      global
  Area mode:              physical library
============================================================


Inferred components

           Operator Signedness     Architecture     Inputs Outputs CellArea LogicLevels 
========================================================================================
cpu_16bit_top
 U_CORE
  DP
   ALU
    add_74_37
    module:add_unsigned
               +    unsigned   very_fast            32x32  33       1034.56          13 
========================================================================================
cpu_16bit_top
 U_CORE
  DP
   ALU
    div_128_37
    module:divide_unsigned_rtlopto_model_9
               /    unsigned   very_fast            32x32  32      23608.09         248 
========================================================================================
cpu_16bit_top
 U_CORE
  DP
   ALU
    mul_116_37
    module:mult_unsigned
               *    unsigned   very_fast/booth/boot 32x32  33      11531.79          37 
                               h_encoded_port: B                                        
========================================================================================
cpu_16bit_top
 U_CORE
  DP
   ALU
    sll_94_28
    module:shift_left_vlog_unsigned
              <<    x          very_fast/barrel     32x5   32       1019.00          10 
========================================================================================
cpu_16bit_top
 U_CORE
  DP
   ALU
    srl_104_28
    module:shift_right_vlog_unsigned
              >>    x          very_fast/barrel     32x5   32       1019.00          10 
========================================================================================
cpu_16bit_top
 U_CORE
  DP
   ALU
    sub_84_37
    module:sub_unsigned
               -    unsigned   very_fast            32x32  33        925.65          18 
========================================================================================

      Type        CellArea  Percentage 
---------------------------------------
datapath modules   39138.08       3.46 
external muxes         0.00       0.00 
others           1091069.28      96.54 
---------------------------------------
total            1130207.36     100.00 

