Cadence Genus(TM) Synthesis Solution.
Copyright 2023 Cadence Design Systems, Inc. All rights reserved worldwide.
Cadence and the Cadence logo are registered trademarks and Genus is a trademark
of Cadence Design Systems, Inc. in the United States and other countries.

[11:40:58.433049] Configured Lic search path (21.01-s002): 5280@172.28.133.168

Version: 22.12-s082_1, built Sat May 06 04:39:19 PDT 2023
Options: 
Date:    Mon Apr 06 11:40:58 2026
Host:    training-namdh66.novalocal (x86_64 w/Linux 3.10.0-1160.119.1.el7.x86_64) (1core*1cpu*1physical cpu*Intel Xeon Processor (Icelake) 16384KB) (8008884KB)
PID:     19025
OS:      CentOS Linux release 7.9.2009 (Core)

Checking out license: Genus_Synthesis
[11:40:58.207128] Periodic Lic check successful
[11:40:58.207137] Feature usage summary:
[11:40:58.207138] Genus_Synthesis



***********************************************************************************************************
***********************************************************************************************************



Finished executable startup (2 seconds elapsed).

Loading tool scripts...
Finished loading tool scripts (13 seconds elapsed).

WARNING: This version of the tool is 1065 days old.
@genus:root: 1> read_db cpu_32bit_top_innovus/
%# Begin ::stylus_db::read (04/06 11:41:25, mem=1027.30M)
(stylus_db): Argument checking
(stylus_db): Determining DB Schema from 'cpu_32bit_top_innovus/cmn/cpu_32bit_top.sql'.
(stylus_db): Reading Native DB: /home/NAMDH66/practice/final-project/outputs/cpu_32bit_top_innovus/syn/cpu_32bit_top.db
Reading database file '/home/NAMDH66/practice/final-project/outputs/cpu_32bit_top_innovus/syn/cpu_32bit_top.db'.
Info    : Changed UI mode while reading the database. [DATABASE-128]
        : Switched from Common to Legacy UI mode.
        : Switch UI mode before reading a database to avoid this message.
Error   : File error. [FILE-100] [read_db]
        : Cannot open file '../libraries/lib/max/slow.lib'
        : Make sure that the file is a readable regular file and has the specified name.
Error   : File error. [FILE-100] [read_db]
        : Cannot open file '../libraries/lib/max/pdkIO.lib'
Error   : A library file does not exist. [LBR-68] [read_db]
        : File '../libraries/lib/max/slow.lib ../libraries/lib/max/pdkIO.lib' could not be found. File '<none>' was the last file that was successfully read in.
        : Make sure that the library file exists or check for a typo in the file name.
Warning : While reading the database, an attribute could not be set. [DATABASE-108]
        : Setting attribute 'library' of '/libraries/library_domains/slow' to value '../libraries/lib/max/slow.lib ../libraries/lib/max/pdkIO.lib' failed.
Error   : Cannot read the database. [DATABASE-117] [read_db]
        : Failed loading technology libraries.
        : Check if the version used to generate the database is the same as the version used to load the database. This error usually occurs when the database is created with an older tool version. To regenerate the database, use the db-version of the tool to write: the netlist using the 'write_hdl' command, the setup script using the 'split_db' command (modify the setup script to fix any script failure.) , all the constraint information using the 'write_sdc', 'write_power_intent', 'write_tcf', 'write_script' commands, etc. Next, read these files into the current tool version and regenerate the database. The setup script belonging to this database (created using split_db) must be sourced before loading the database.
Error   : Error loading database. [DATABASE-130] [read_db]
        : Failed loading technology libraries.
        : An error message has been issued. Follow up on the error message(s) issued above.
common_db: Error '1' on ': read_db /home/NAMDH66/practice/final-project/outputs/cpu_32bit_top_innovus/syn/cpu_32bit_top.db'.
%# End ::stylus_db::read (04/06 11:41:25, total cpu=16:00:00, real=16:00:00, peak res=318.00M, current mem=1030.30M)
1
legacy_genus:/> exit

Lic Summary:
[11:41:33.131457] Cdslmd servers: fpt-lisc
[11:41:33.131465] Feature usage summary:
[11:41:33.131466] Genus_Synthesis

Normal exit.